[www.dinoreps.com/index.html]
[backblue.gif]
[fade.gif]
[index.html]
[ssl.gstatic.com/atari/images/simple-header-blended-small.png]
[apis.google.com/js/clientc932.js]
[www.dinoreps.com/home.html]
[www.dinoreps.com/shoes.html]
[www.dinoreps.com/clothes/hoodiessweaters.html]
[www.dinoreps.com/clothes/pants.html]
[www.dinoreps.com/clothes/t-shirts.html]
[www.dinoreps.com/clothes/shorts.html]
[www.dinoreps.com/clothes/jacketsvests.html]
[www.dinoreps.com/clothes/tracksuits.html]
[www.dinoreps.com/clothes/jerseys.html]
[www.dinoreps.com/clothes/glovesscarfs.html]
[www.dinoreps.com/clothes/underwearsocks.html]
[www.dinoreps.com/clothes/suits.html]
[www.dinoreps.com/accesoires/headwear.html]
[www.dinoreps.com/accesoires/glasses.html]
[www.dinoreps.com/accesoires/bagswallets.html]
[www.dinoreps.com/accesoires/jewelry.html]
[www.dinoreps.com/accesoires/watches.html]
[www.dinoreps.com/accesoires/belts.html]
[www.dinoreps.com/accesoires/parfume.html]
[www.dinoreps.com/sport/sport-clothes.html]
[www.dinoreps.com/sport/sport-accesoires.html]
[www.dinoreps.com/sport/sport-equipment.html]
[www.dinoreps.com/others_1/electronicsapple.html]
[www.dinoreps.com/others_1/decor.html]
[www.dinoreps.com/outfits_1/streetwear.html]
[www.dinoreps.com/outfits_1/y2k.html]
[www.dinoreps.com/outfits_1/bloke-core.html]
[www.dinoreps.com/outfits_1/gorpcore.html]
[www.dinoreps.com/index.html]
[www.dinoreps.com/home.html]
[www.dinoreps.com/shoes.html]
[www.dinoreps.com/clothes/hoodiessweaters.html]
[www.dinoreps.com/clothes/pants.html]
[www.dinoreps.com/clothes/t-shirts.html]
[www.dinoreps.com/clothes/shorts.html]
[www.dinoreps.com/clothes/jacketsvests.html]
[www.dinoreps.com/clothes/tracksuits.html]
[www.dinoreps.com/clothes/jerseys.html]
[www.dinoreps.com/clothes/glovesscarfs.html]
[www.dinoreps.com/clothes/underwearsocks.html]
[www.dinoreps.com/clothes/suits.html]
[www.dinoreps.com/accesoires/headwear.html]
[www.dinoreps.com/accesoires/glasses.html]
[www.dinoreps.com/accesoires/bagswallets.html]
[www.dinoreps.com/accesoires/jewelry.html]
[www.dinoreps.com/accesoires/watches.html]
[www.dinoreps.com/accesoires/belts.html]
[www.dinoreps.com/accesoires/parfume.html]
[www.dinoreps.com/sport/sport-clothes.html]
[www.dinoreps.com/sport/sport-accesoires.html]
[www.dinoreps.com/sport/sport-equipment.html]
[www.dinoreps.com/others_1/electronicsapple.html]
[www.dinoreps.com/others_1/decor.html]
[www.dinoreps.com/outfits_1/streetwear.html]
[www.dinoreps.com/outfits_1/y2k.html]
[www.dinoreps.com/outfits_1/bloke-core.html]
[www.dinoreps.com/outfits_1/gorpcore.html]
[www.dinoreps.com/how-to-use-pandabuy.html]
[www.dinoreps.com/how-to-use-pandabuy.html]
